<?xml version="1.0" encoding="UTF-8"?>
<testng-results ignored="0" total="3" passed="3" failed="0" skipped="0">
  <reporter-output>
  </reporter-output>
  <suite started-at="2026-07-14T16:21:54 IST" name="Default suite" finished-at="2026-07-14T16:22:05 IST" duration-ms="10145">
    <groups>
    </groups>
    <test started-at="2026-07-14T16:21:54 IST" name="Default test" finished-at="2026-07-14T16:22:05 IST" duration-ms="10145">
      <class name="tests.LoginTest">
        <test-method is-config="true" signature="setup()[pri:0, instance:tests.LoginTest@69453e37]" started-at="2026-07-14T16:21:55 IST" name="setup" finished-at="2026-07-14T16:21:59 IST" duration-ms="3977" status="PASS">
          <reporter-output>
          </reporter-output>
        </test-method> <!-- setup -->
        <test-method signature="loginTest(java.lang.String,java.lang.String,java.lang.String)[pri:0, instance:tests.LoginTest@69453e37]" started-at="2026-07-14T16:21:59 IST" name="loginTest" data-provider="loginData" finished-at="2026-07-14T16:21:59 IST" duration-ms="970" status="PASS">
          <params>
            <param index="0">
              <value>
                <![CDATA[student]]>
              </value>
            </param>
            <param index="1">
              <value>
                <![CDATA[Password123]]>
              </value>
            </param>
            <param index="2">
              <value>
                <![CDATA[success]]>
              </value>
            </param>
          </params>
          <reporter-output>
          </reporter-output>
        </test-method> <!-- loginTest -->
        <test-method is-config="true" signature="tearDown()[pri:0, instance:tests.LoginTest@69453e37]" started-at="2026-07-14T16:21:59 IST" name="tearDown" finished-at="2026-07-14T16:22:00 IST" duration-ms="293" status="PASS">
          <reporter-output>
          </reporter-output>
        </test-method> <!-- tearDown -->
        <test-method is-config="true" signature="setup()[pri:0, instance:tests.LoginTest@69453e37]" started-at="2026-07-14T16:22:00 IST" name="setup" finished-at="2026-07-14T16:22:02 IST" duration-ms="2173" status="PASS">
          <reporter-output>
          </reporter-output>
        </test-method> <!-- setup -->
        <test-method signature="loginTest(java.lang.String,java.lang.String,java.lang.String)[pri:0, instance:tests.LoginTest@69453e37]" started-at="2026-07-14T16:22:02 IST" name="loginTest" data-provider="loginData" finished-at="2026-07-14T16:22:02 IST" duration-ms="210" status="PASS">
          <params>
            <param index="0">
              <value>
                <![CDATA[student]]>
              </value>
            </param>
            <param index="1">
              <value>
                <![CDATA[WrongPassword]]>
              </value>
            </param>
            <param index="2">
              <value>
                <![CDATA[invalid password]]>
              </value>
            </param>
          </params>
          <reporter-output>
          </reporter-output>
        </test-method> <!-- loginTest -->
        <test-method is-config="true" signature="tearDown()[pri:0, instance:tests.LoginTest@69453e37]" started-at="2026-07-14T16:22:02 IST" name="tearDown" finished-at="2026-07-14T16:22:02 IST" duration-ms="249" status="PASS">
          <reporter-output>
          </reporter-output>
        </test-method> <!-- tearDown -->
        <test-method is-config="true" signature="setup()[pri:0, instance:tests.LoginTest@69453e37]" started-at="2026-07-14T16:22:02 IST" name="setup" finished-at="2026-07-14T16:22:04 IST" duration-ms="1749" status="PASS">
          <reporter-output>
          </reporter-output>
        </test-method> <!-- setup -->
        <test-method signature="loginTest(java.lang.String,java.lang.String,java.lang.String)[pri:0, instance:tests.LoginTest@69453e37]" started-at="2026-07-14T16:22:04 IST" name="loginTest" data-provider="loginData" finished-at="2026-07-14T16:22:04 IST" duration-ms="237" status="PASS">
          <params>
            <param index="0">
              <value>
                <![CDATA[wronguser]]>
              </value>
            </param>
            <param index="1">
              <value>
                <![CDATA[Password123]]>
              </value>
            </param>
            <param index="2">
              <value>
                <![CDATA[invalid username]]>
              </value>
            </param>
          </params>
          <reporter-output>
          </reporter-output>
        </test-method> <!-- loginTest -->
        <test-method is-config="true" signature="tearDown()[pri:0, instance:tests.LoginTest@69453e37]" started-at="2026-07-14T16:22:04 IST" name="tearDown" finished-at="2026-07-14T16:22:05 IST" duration-ms="245" status="PASS">
          <reporter-output>
          </reporter-output>
        </test-method> <!-- tearDown -->
      </class> <!-- tests.LoginTest -->
    </test> <!-- Default test -->
  </suite> <!-- Default suite -->
</testng-results>
