<?xml version="1.0" encoding="UTF-8"?>
<!-- Generated by org.testng.reporters.JUnitReportReporter -->
<testsuite hostname="Aswin" failures="0" tests="3" name="tests.LoginTest" time="10.103" errors="0" timestamp="2026-07-14T16:22:05 IST" skipped="0">
  <testcase classname="tests.LoginTest" name="loginTest" time="4.480"/>
  <testcase classname="tests.LoginTest" name="loginTest" time="2.964"/>
  <testcase classname="tests.LoginTest" name="loginTest" time="2.659"/>
</testsuite> <!-- tests.LoginTest -->
